2022-01-07 12:08:10,918 INFO    MainThread:14987 [wandb_setup.py:_flush():71] setting env: {}
2022-01-07 12:08:10,919 INFO    MainThread:14987 [wandb_setup.py:_flush():71] setting login settings: {}
2022-01-07 12:08:10,919 INFO    MainThread:14987 [wandb_setup.py:_flush():71] setting login settings: {'mode': 'offline'}
2022-01-07 12:08:10,919 INFO    MainThread:14987 [wandb_init.py:_log_setup():371] Logging user logs to /home/chirstang/project/homework/ATLOP/wandb/offline-run-20220107_120810-2p2ixuor/logs/debug.log
2022-01-07 12:08:10,919 INFO    MainThread:14987 [wandb_init.py:_log_setup():372] Logging internal logs to /home/chirstang/project/homework/ATLOP/wandb/offline-run-20220107_120810-2p2ixuor/logs/debug-internal.log
2022-01-07 12:08:10,919 INFO    MainThread:14987 [wandb_init.py:init():404] calling init triggers
2022-01-07 12:08:10,920 INFO    MainThread:14987 [wandb_init.py:init():411] wandb.init called with sweep_config: {}
config: {}
2022-01-07 12:08:10,920 INFO    MainThread:14987 [wandb_init.py:init():460] starting backend
2022-01-07 12:08:10,920 INFO    MainThread:14987 [backend.py:_multiprocessing_setup():101] multiprocessing start_methods=fork,spawn,forkserver, using: spawn
2022-01-07 12:08:10,933 INFO    MainThread:14987 [backend.py:ensure_launched():216] starting backend process...
2022-01-07 12:08:10,940 INFO    MainThread:14987 [backend.py:ensure_launched():222] started backend process with pid: 15169
2022-01-07 12:08:10,941 INFO    MainThread:14987 [wandb_init.py:init():469] backend started and connected
2022-01-07 12:08:10,946 INFO    MainThread:14987 [wandb_init.py:init():533] updated telemetry
2022-01-07 12:08:10,966 INFO    MainThread:14987 [wandb_init.py:init():606] starting run threads in backend
2022-01-07 12:08:12,991 INFO    MainThread:14987 [wandb_run.py:_console_start():1810] atexit reg
2022-01-07 12:08:12,992 INFO    MainThread:14987 [wandb_run.py:_redirect():1684] redirect: SettingsConsole.REDIRECT
2022-01-07 12:08:12,996 INFO    MainThread:14987 [wandb_run.py:_redirect():1689] Redirecting console.
2022-01-07 12:08:12,999 INFO    MainThread:14987 [wandb_run.py:_redirect():1745] Redirects installed.
2022-01-07 12:08:12,999 INFO    MainThread:14987 [wandb_init.py:init():633] run started, returning control to user process
2022-01-07 12:10:28,083 INFO    MainThread:14987 [wandb_run.py:_atexit_cleanup():1780] got exitcode: 1
2022-01-07 12:10:28,087 INFO    MainThread:14987 [wandb_run.py:_restore():1752] restore
2022-01-07 12:10:30,969 INFO    MainThread:14987 [wandb_run.py:_wait_for_finish():1912] got exit ret: 
2022-01-07 12:10:31,130 INFO    MainThread:14987 [wandb_run.py:_wait_for_finish():1912] got exit ret: 
2022-01-07 12:10:31,232 INFO    MainThread:14987 [wandb_run.py:_wait_for_finish():1912] got exit ret: done: true
exit_result {
}
local_info {
}

