2022-01-07 12:08:11,686 INFO    MainThread:15169 [internal.py:wandb_internal():90] W&B internal server running at pid: 15169, started at: 2022-01-07 12:08:11.686362
2022-01-07 12:08:11,689 INFO    WriterThread:15169 [datastore.py:open_for_write():77] open: /home/chirstang/project/homework/ATLOP/wandb/offline-run-20220107_120810-2p2ixuor/run-2p2ixuor.wandb
2022-01-07 12:08:11,692 DEBUG   HandlerThread:15169 [handler.py:handle_request():130] handle_request: run_start
2022-01-07 12:08:11,701 DEBUG   HandlerThread:15169 [meta.py:__init__():40] meta init
2022-01-07 12:08:11,701 DEBUG   HandlerThread:15169 [meta.py:__init__():54] meta init done
2022-01-07 12:08:11,701 DEBUG   HandlerThread:15169 [meta.py:probe():214] probe
2022-01-07 12:08:11,708 DEBUG   HandlerThread:15169 [meta.py:_setup_git():204] setup git
2022-01-07 12:08:11,725 DEBUG   HandlerThread:15169 [meta.py:_setup_git():211] setup git done
2022-01-07 12:08:11,725 DEBUG   HandlerThread:15169 [meta.py:_save_pip():58] save pip
2022-01-07 12:08:11,726 DEBUG   HandlerThread:15169 [meta.py:_save_pip():72] save pip done
2022-01-07 12:08:11,726 DEBUG   HandlerThread:15169 [meta.py:_save_conda():79] save conda
2022-01-07 12:08:12,983 DEBUG   HandlerThread:15169 [meta.py:_save_conda():89] save conda done
2022-01-07 12:08:12,984 DEBUG   HandlerThread:15169 [meta.py:probe():252] probe done
2022-01-07 12:10:30,963 DEBUG   SenderThread:15169 [sender.py:send():234] send: exit
2022-01-07 12:10:30,963 DEBUG   HandlerThread:15169 [handler.py:handle_request():130] handle_request: poll_exit
2022-01-07 12:10:30,963 INFO    SenderThread:15169 [sender.py:send_exit():366] handling exit code: 1
2022-01-07 12:10:30,966 INFO    SenderThread:15169 [sender.py:send_exit():368] handling runtime: 139
2022-01-07 12:10:30,967 INFO    SenderThread:15169 [sender.py:_save_file():939] saving file wandb-summary.json with policy end
2022-01-07 12:10:30,967 INFO    SenderThread:15169 [sender.py:send_exit():374] send defer
2022-01-07 12:10:30,967 DEBUG   SenderThread:15169 [sender.py:send_request():248] send_request: poll_exit
2022-01-07 12:10:30,968 DEBUG   HandlerThread:15169 [handler.py:handle_request():130] handle_request: defer
2022-01-07 12:10:30,968 INFO    HandlerThread:15169 [handler.py:handle_request_defer():147] handle defer: 0
2022-01-07 12:10:30,969 DEBUG   SenderThread:15169 [sender.py:send_request():248] send_request: defer
2022-01-07 12:10:30,969 INFO    SenderThread:15169 [sender.py:send_request_defer():383] handle sender defer: 0
2022-01-07 12:10:30,969 INFO    SenderThread:15169 [sender.py:transition_state():387] send defer: 1
2022-01-07 12:10:30,970 DEBUG   HandlerThread:15169 [handler.py:handle_request():130] handle_request: defer
2022-01-07 12:10:30,970 INFO    HandlerThread:15169 [handler.py:handle_request_defer():147] handle defer: 1
2022-01-07 12:10:31,127 DEBUG   SenderThread:15169 [sender.py:send_request():248] send_request: defer
2022-01-07 12:10:31,128 INFO    SenderThread:15169 [sender.py:send_request_defer():383] handle sender defer: 1
2022-01-07 12:10:31,128 DEBUG   HandlerThread:15169 [handler.py:handle_request():130] handle_request: poll_exit
2022-01-07 12:10:31,128 INFO    SenderThread:15169 [sender.py:transition_state():387] send defer: 2
2022-01-07 12:10:31,128 DEBUG   SenderThread:15169 [sender.py:send_request():248] send_request: poll_exit
2022-01-07 12:10:31,130 DEBUG   HandlerThread:15169 [handler.py:handle_request():130] handle_request: defer
2022-01-07 12:10:31,130 INFO    HandlerThread:15169 [handler.py:handle_request_defer():147] handle defer: 2
2022-01-07 12:10:31,130 DEBUG   SenderThread:15169 [sender.py:send_request():248] send_request: defer
2022-01-07 12:10:31,130 INFO    SenderThread:15169 [sender.py:send_request_defer():383] handle sender defer: 2
2022-01-07 12:10:31,130 INFO    SenderThread:15169 [sender.py:transition_state():387] send defer: 3
2022-01-07 12:10:31,131 DEBUG   HandlerThread:15169 [handler.py:handle_request():130] handle_request: defer
2022-01-07 12:10:31,131 INFO    HandlerThread:15169 [handler.py:handle_request_defer():147] handle defer: 3
2022-01-07 12:10:31,132 DEBUG   SenderThread:15169 [sender.py:send_request():248] send_request: defer
2022-01-07 12:10:31,132 INFO    SenderThread:15169 [sender.py:send_request_defer():383] handle sender defer: 3
2022-01-07 12:10:31,132 INFO    SenderThread:15169 [sender.py:transition_state():387] send defer: 4
2022-01-07 12:10:31,132 DEBUG   HandlerThread:15169 [handler.py:handle_request():130] handle_request: defer
2022-01-07 12:10:31,133 INFO    HandlerThread:15169 [handler.py:handle_request_defer():147] handle defer: 4
2022-01-07 12:10:31,133 DEBUG   SenderThread:15169 [sender.py:send_request():248] send_request: defer
2022-01-07 12:10:31,133 INFO    SenderThread:15169 [sender.py:send_request_defer():383] handle sender defer: 4
2022-01-07 12:10:31,133 INFO    SenderThread:15169 [sender.py:transition_state():387] send defer: 5
2022-01-07 12:10:31,134 DEBUG   HandlerThread:15169 [handler.py:handle_request():130] handle_request: defer
2022-01-07 12:10:31,134 INFO    HandlerThread:15169 [handler.py:handle_request_defer():147] handle defer: 5
2022-01-07 12:10:31,134 DEBUG   SenderThread:15169 [sender.py:send_request():248] send_request: defer
2022-01-07 12:10:31,134 INFO    SenderThread:15169 [sender.py:send_request_defer():383] handle sender defer: 5
2022-01-07 12:10:31,134 INFO    SenderThread:15169 [sender.py:transition_state():387] send defer: 6
2022-01-07 12:10:31,135 DEBUG   HandlerThread:15169 [handler.py:handle_request():130] handle_request: defer
2022-01-07 12:10:31,135 INFO    HandlerThread:15169 [handler.py:handle_request_defer():147] handle defer: 6
2022-01-07 12:10:31,135 DEBUG   SenderThread:15169 [sender.py:send_request():248] send_request: defer
2022-01-07 12:10:31,136 INFO    SenderThread:15169 [sender.py:send_request_defer():383] handle sender defer: 6
2022-01-07 12:10:31,136 INFO    SenderThread:15169 [sender.py:transition_state():387] send defer: 7
2022-01-07 12:10:31,136 DEBUG   HandlerThread:15169 [handler.py:handle_request():130] handle_request: defer
2022-01-07 12:10:31,136 INFO    HandlerThread:15169 [handler.py:handle_request_defer():147] handle defer: 7
2022-01-07 12:10:31,137 DEBUG   SenderThread:15169 [sender.py:send_request():248] send_request: defer
2022-01-07 12:10:31,137 INFO    SenderThread:15169 [sender.py:send_request_defer():383] handle sender defer: 7
2022-01-07 12:10:31,137 INFO    SenderThread:15169 [sender.py:transition_state():387] send defer: 8
2022-01-07 12:10:31,137 DEBUG   HandlerThread:15169 [handler.py:handle_request():130] handle_request: defer
2022-01-07 12:10:31,138 INFO    HandlerThread:15169 [handler.py:handle_request_defer():147] handle defer: 8
2022-01-07 12:10:31,138 DEBUG   SenderThread:15169 [sender.py:send_request():248] send_request: defer
2022-01-07 12:10:31,138 INFO    SenderThread:15169 [sender.py:send_request_defer():383] handle sender defer: 8
2022-01-07 12:10:31,138 INFO    SenderThread:15169 [sender.py:transition_state():387] send defer: 9
2022-01-07 12:10:31,139 DEBUG   HandlerThread:15169 [handler.py:handle_request():130] handle_request: defer
2022-01-07 12:10:31,139 DEBUG   SenderThread:15169 [sender.py:send():234] send: final
2022-01-07 12:10:31,140 INFO    HandlerThread:15169 [handler.py:handle_request_defer():147] handle defer: 9
2022-01-07 12:10:31,140 DEBUG   SenderThread:15169 [sender.py:send_request():248] send_request: defer
2022-01-07 12:10:31,140 INFO    SenderThread:15169 [sender.py:send_request_defer():383] handle sender defer: 9
2022-01-07 12:10:31,231 DEBUG   HandlerThread:15169 [handler.py:handle_request():130] handle_request: poll_exit
2022-01-07 12:10:31,231 DEBUG   SenderThread:15169 [sender.py:send_request():248] send_request: poll_exit
2022-01-07 12:10:31,233 DEBUG   HandlerThread:15169 [handler.py:handle_request():130] handle_request: get_summary
2022-01-07 12:10:31,234 DEBUG   HandlerThread:15169 [handler.py:handle_request():130] handle_request: sampled_history
2022-01-07 12:10:31,235 DEBUG   HandlerThread:15169 [handler.py:handle_request():130] handle_request: shutdown
2022-01-07 12:10:31,236 INFO    HandlerThread:15169 [handler.py:finish():731] shutting down handler
2022-01-07 12:10:32,140 INFO    WriterThread:15169 [datastore.py:close():281] close: /home/chirstang/project/homework/ATLOP/wandb/offline-run-20220107_120810-2p2ixuor/run-2p2ixuor.wandb
2022-01-07 12:10:32,232 INFO    SenderThread:15169 [sender.py:finish():1070] shutting down sender
2022-01-07 12:10:32,233 INFO    MainThread:15169 [internal.py:handle_exit():77] Internal process exited
