# of documents 3053.
# of positive examples 35615.
# of negative examples 1163035.
# of documents 1000.
# of positive examples 11518.
# of negative examples 385272.
# of documents 1000.
# of positive examples 0.
# of negative examples 392158.
Downloading: 100%|████████████████████████████████████████████████████████████████████████████████████████████████████████████| 570/570 [00:00<00:00, 418kB/s]
Downloading: 100%|██████████████████████████████████████████████████████████████████████████████████████████████████████████| 213k/213k [00:01<00:00, 198kB/s]
Downloading: 100%|██████████████████████████████████████████████████████████████████████████████████████████████████████████| 436k/436k [00:01<00:00, 402kB/s]
Downloading: 100%|█████████████████████████████████████████████████████████████████████████████████████████████████████████| 29.0/29.0 [00:00<00:00, 19.4kB/s]
Example: 100%|████████████████████████████████████████████████████████████████████████████████████████████████████████████| 3053/3053 [00:47<00:00, 64.19it/s]
Example: 100%|████████████████████████████████████████████████████████████████████████████████████████████████████████████| 1000/1000 [00:15<00:00, 65.03it/s]
Example: 100%|████████████████████████████████████████████████████████████████████████████████████████████████████████████| 1000/1000 [00:15<00:00, 64.47it/s]
Downloading: 100%|█████████████████████████████████████████████████████████████████████████████████████████████████████████| 436M/436M [00:33<00:00, 12.9MB/s]
Traceback (most recent call last):
  File "train.py", line 228, in <module>
    main()
  File "train.py", line 216, in main
    train(args, model, train_features, dev_features, test_features)
  File "train.py", line 70, in train
    model, optimizer = amp.initialize(model, optimizer, opt_level="O1", verbosity=0)
NameError: name 'amp' is not defined